<?xml version="1.0" encoding="UTF-8"?>
<!-- Generated by org.testng.reporters.JUnitReportReporter -->
<testsuite hostname="krishna-ThinkPad-E450" name="EmailApp.TestCases.Taxi2Test" tests="1" failures="0" timestamp="18 Mar 2019 04:40:39 GMT" time="16.535" errors="0">
  <testcase name="Taxi2Airport" time="16.535" classname="EmailApp.TestCases.Taxi2Test"/>
</testsuite> <!-- EmailApp.TestCases.Taxi2Test -->
