<?xml version="1.0" encoding="UTF-8"?>
<!-- Generated by org.testng.reporters.JUnitReportReporter -->
<testsuite hostname="krishna-ThinkPad-E450" name="EmailApp.TestCases.Taxi2Test" tests="1" failures="0" timestamp="18 Mar 2019 04:43:37 GMT" time="14.390" errors="0">
  <testcase name="Taxi2Airport" time="14.390" classname="EmailApp.TestCases.Taxi2Test"/>
</testsuite> <!-- EmailApp.TestCases.Taxi2Test -->
